0: jdbc:hive2://10.196.47.205:10000> set hive.exec.dynamic.partition=true;
0: jdbc:hive2://10.196.47.205:10000> set hive.exec.dynamic.partition.mode=nonstrict;
0: jdbc:hive2://10.196.47.205:10000> set mapred.reduce.tasks=16;
0: jdbc:hive2://10.196.47.205:10000> set mapred.job.queue.name=default;
0: jdbc:hive2://10.196.47.205:10000> set hive.exec.max.dynamic.partitions.pernode = 1000;
0: jdbc:hive2://10.196.47.205:10000> 
0: jdbc:hive2://10.196.47.205:10000> insert overwrite table temp_partition_docreceiver_upload_document partition (month,day, org_id)
. . . . . . . . . . . . . . . . . .> SELECT 
. . . . . . . . . . . . . . . . . .> get_json_object(line, '$.datestamp') as time,
. . . . . . . . . . . . . . . . . .> get_json_object(line, '$.upload.document.docid') as upload_doc_id,
. . . . . . . . . . . . . . . . . .> get_json_object(line, '$.upload.document.status') as status,
. . . . . . . . . . . . . . . . . .> get_json_object(line, '$.message') as message,
. . . . . . . . . . . . . . . . . .> month,
. . . . . . . . . . . . . . . . . .> day,
. . . . . . . . . . . . . . . . . .> get_json_object(line, '$.upload.document.orgid') as org_id
. . . . . . . . . . . . . . . . . .> FROM production_logs_docreceiver_epoch
. . . . . . . . . . . . . . . . . .> WHERE get_json_object(line, '$.upload.document') is not null    
. . . . . . . . . . . . . . . . . .> and ((month=03 and day=12));
+-------+----------------+---------+----------+--------+------+---------+
| time  | upload_doc_id  | status  | message  | month  | day  | org_id  |
+-------+----------------+---------+----------+--------+------+---------+
+-------+----------------+---------+----------+--------+------+---------+
0: jdbc:hive2://10.196.47.205:10000> 
0: jdbc:hive2://10.196.47.205:10000> insert overwrite table temp_partition_docreceiver_seqfile_document partition (month,day, org_id)
. . . . . . . . . . . . . . . . . .> SELECT 
. . . . . . . . . . . . . . . . . .> get_json_object(line, '$.datestamp') as time,
. . . . . . . . . . . . . . . . . .> get_json_object(line, '$.seqfile.file.document.docid') as seqfile_doc_id,
. . . . . . . . . . . . . . . . . .> get_json_object(line, '$.seqfile.file.add.directory') as seqfile_directory,
. . . . . . . . . . . . . . . . . .> get_json_object(line, '$.seqfile.file.add.filename') as seqfile_file,
. . . . . . . . . . . . . . . . . .> get_json_object(line, '$.seqfile.file.document.status') as document_status,
. . . . . . . . . . . . . . . . . .> get_json_object(line, '$.seqfile.file.add.status') as seqfile_status,
. . . . . . . . . . . . . . . . . .> month,
. . . . . . . . . . . . . . . . . .> day,
. . . . . . . . . . . . . . . . . .> get_json_object(line, '$.seqfile.file.document.orgid') as org_id
. . . . . . . . . . . . . . . . . .> FROM production_logs_docreceiver_epoch
. . . . . . . . . . . . . . . . . .> WHERE get_json_object(line, '$.seqfile.file') is not null           
. . . . . . . . . . . . . . . . . .> and ((month=03 and day=12));
+-------+-----------------+--------------------+---------------+---------------+
| time  | seqfile_doc_id  | seqfile_directory  | seqfile_file  | document_stat |
+-------+-----------------+--------------------+---------------+---------------+
+-------+-----------------+--------------------+---------------+---------------+
0: jdbc:hive2://10.196.47.205:10000> 
0: jdbc:hive2://10.196.47.205:10000> insert overwrite table temp_partition_coordinator_hdfsmove partition(month,day,org_id)
. . . . . . . . . . . . . . . . . .> SELECT
. . . . . . . . . . . . . . . . . .> get_json_object(line, '$.datestamp') as time,
. . . . . . . . . . . . . . . . . .> get_json_object(line, '$.coordinator.hdfsmove.to') as move_to,
. . . . . . . . . . . . . . . . . .> get_json_object(line, '$.coordinator.hdfsmove.from') as move_from,
. . . . . . . . . . . . . . . . . .> month,
. . . . . . . . . . . . . . . . . .> day,
. . . . . . . . . . . . . . . . . .> get_json_object(line, '$.coordinator.hdfsmove.organization') as org_id
. . . . . . . . . . . . . . . . . .> FROM production_logs_coordinator_epoch
. . . . . . . . . . . . . . . . . .> WHERE get_json_object(line, '$.coordinator.hdfsmove') is not null
. . . . . . . . . . . . . . . . . .> and ((month=03 and day=12));
+-------+----------+------------+--------+------+---------+
| time  | move_to  | move_from  | month  | day  | org_id  |
+-------+----------+------------+--------+------+---------+
+-------+----------+------------+--------+------+---------+
0: jdbc:hive2://10.196.47.205:10000> 
0: jdbc:hive2://10.196.47.205:10000> insert overwrite table temp_partition_coordinator_job partition(month,day,org_id)
. . . . . . . . . . . . . . . . . .> SELECT
. . . . . . . . . . . . . . . . . .> get_json_object(line, '$.datestamp') as time,
. . . . . . . . . . . . . . . . . .> get_json_object(line, '$.coordinator.job.workID') as work_id,
. . . . . . . . . . . . . . . . . .> get_json_object(line, '$.coordinator.job.jobID') as job_id,
. . . . . . . . . . . . . . . . . .> get_json_object(line, '$.coordinator.job.jobType') as job_type,
. . . . . . . . . . . . . . . . . .> get_json_object(line, '$.coordinator.job.inputDir') as input_dir,
. . . . . . . . . . . . . . . . . .> get_json_object(line, '$.coordinator.job.outputDir') as output_dir,
. . . . . . . . . . . . . . . . . .> get_json_object(line, '$.coordinator.job.status') as status,
. . . . . . . . . . . . . . . . . .> get_json_object(line, '$.coordinator.job.duration') as duration,
. . . . . . . . . . . . . . . . . .> get_json_object(line, '$.coordinator.job.hadoopJobID') as hadoop_job_id,
. . . . . . . . . . . . . . . . . .> month,
. . . . . . . . . . . . . . . . . .> day,
. . . . . . . . . . . . . . . . . .> get_json_object(line, '$.coordinator.job.context.organization') as org_id
. . . . . . . . . . . . . . . . . .> FROM production_logs_coordinator_epoch
. . . . . . . . . . . . . . . . . .> WHERE get_json_object(line, '$.coordinator.job') is not null
. . . . . . . . . . . . . . . . . .> and ((month=03 and day=12));
+-------+----------+---------+-----------+------------+-------------+----------+
| time  | work_id  | job_id  | job_type  | input_dir  | output_dir  | status   |
+-------+----------+---------+-----------+------------+-------------+----------+
+-------+----------+---------+-----------+------------+-------------+----------+
0: jdbc:hive2://10.196.47.205:10000> 
0: jdbc:hive2://10.196.47.205:10000> insert overwrite table temp_partition_parser_tag partition(month, day,org_id)
. . . . . . . . . . . . . . . . . .> SELECT
. . . . . . . . . . . . . . . . . .> get_json_object(line, '$.datestamp') as time,
. . . . . . . . . . . . . . . . . .> get_json_object(line, '$.documentuuid') as doc_id,
. . . . . . . . . . . . . . . . . .> get_json_object(line, '$.tag.ocr.status') as ocr_tag_status,
. . . . . . . . . . . . . . . . . .> get_json_object(line, '$.tag.persist.status') as persist_tag_status,
. . . . . . . . . . . . . . . . . .> get_json_object(line, '$.inputSeqFilePath') as input_seqfile_path,
. . . . . . . . . . . . . . . . . .> get_json_object(line, '$.inputSeqFileName') as input_seqfile_name,
. . . . . . . . . . . . . . . . . .> get_json_object(line, '$.status') as status,
. . . . . . . . . . . . . . . . . .> get_json_object(line, '$.error.message') as error_message,
. . . . . . . . . . . . . . . . . .> month,
. . . . . . . . . . . . . . . . . .> day,
. . . . . . . . . . . . . . . . . .> get_json_object(line, '$.orgId') as org_id
. . . . . . . . . . . . . . . . . .> from production_logs_parserjob_epoch where get_json_object(line, '$.level') != "INFO"
. . . . . . . . . . . . . . . . . .> and ((month=03 and day=12));
+-------+---------+-----------------+---------------------+--------------------+
| time  | doc_id  | ocr_tag_status  | persist_tag_status  | input_seqfile_path |
+-------+---------+-----------------+---------------------+--------------------+
+-------+---------+-----------------+---------------------+--------------------+
0: jdbc:hive2://10.196.47.205:10000>              
0: jdbc:hive2://10.196.47.205:10000> 
0: jdbc:hive2://10.196.47.205:10000> insert overwrite table temp_partition_ocr partition(month, day, org_id)
. . . . . . . . . . . . . . . . . .> SELECT
. . . . . . . . . . . . . . . . . .> get_json_object(line, '$.datestamp') as time,
. . . . . . . . . . . . . . . . . .> get_json_object(line, '$.documentuuid') as doc_id,
. . . . . . . . . . . . . . . . . .> get_json_object(line, '$.inputSeqFilePath') as input_seqfile_path,
. . . . . . . . . . . . . . . . . .> get_json_object(line, '$.inputSeqFileName') as input_seqfile_name,
. . . . . . . . . . . . . . . . . .> get_json_object(line, '$.status') as status,    
. . . . . . . . . . . . . . . . . .> get_json_object(line, '$.error.message') as error_message,
. . . . . . . . . . . . . . . . . .> month,
. . . . . . . . . . . . . . . . . .> day,
. . . . . . . . . . . . . . . . . .> get_json_object(line, '$.orgId') as org_id
. . . . . . . . . . . . . . . . . .> from production_logs_ocrjob_epoch where get_json_object(line, '$.level') != "INFO"
. . . . . . . . . . . . . . . . . .> and ((month=03 and day=12));
+-------+---------+---------------------+---------------------+---------+------+
| time  | doc_id  | input_seqfile_path  | input_seqfile_name  | status  | erro |
+-------+---------+---------------------+---------------------+---------+------+
+-------+---------+---------------------+---------------------+---------+------+
0: jdbc:hive2://10.196.47.205:10000> 
0: jdbc:hive2://10.196.47.205:10000> 
0: jdbc:hive2://10.196.47.205:10000> insert overwrite table temp_partition_persist_mapper partition(month, day, org_id)
. . . . . . . . . . . . . . . . . .> SELECT
. . . . . . . . . . . . . . . . . .> get_json_object(line, '$.datestamp') as time,
. . . . . . . . . . . . . . . . . .> get_json_object(line, '$.username') as username,
. . . . . . . . . . . . . . . . . .> get_json_object(line, '$.documentuuid') as doc_id,
. . . . . . . . . . . . . . . . . .> get_json_object(line, '$.inputSeqFilePath') as input_seqfile_path,
. . . . . . . . . . . . . . . . . .> get_json_object(line, '$.inputSeqFileName') as input_seqfile_name,
. . . . . . . . . . . . . . . . . .> get_json_object(line, '$.persist.patientkey') as pat_key,
. . . . . . . . . . . . . . . . . .> get_json_object(line, '$.status') as status,    
. . . . . . . . . . . . . . . . . .> get_json_object(line, '$.error.message') as error_message,
. . . . . . . . . . . . . . . . . .> month,
. . . . . . . . . . . . . . . . . .> day,
. . . . . . . . . . . . . . . . . .> get_json_object(line, '$.orgId') as org_id
. . . . . . . . . . . . . . . . . .> from production_logs_persistjob_epoch where get_json_object(line, '$.level') != "INFO" and get_json_object(line, '$.className') = "PersistMapper"
. . . . . . . . . . . . . . . . . .> and ((month=03 and day=12));
+-------+-----------+---------+---------------------+---------------------+----+
| time  | username  | doc_id  | input_seqfile_path  | input_seqfile_name  | pa |
+-------+-----------+---------+---------------------+---------------------+----+
+-------+-----------+---------+---------------------+---------------------+----+
0: jdbc:hive2://10.196.47.205:10000>      
0: jdbc:hive2://10.196.47.205:10000> insert overwrite table temp_partition_persist_reducer partition(month, day, org_id)
. . . . . . . . . . . . . . . . . .> SELECT
. . . . . . . . . . . . . . . . . .> get_json_object(line, '$.datestamp') as time,
. . . . . . . . . . . . . . . . . .> get_json_object(line, '$.username') as username,
. . . . . . . . . . . . . . . . . .> get_json_object(line, '$.patient.uuid') as pat_id,
. . . . . . . . . . . . . . . . . .> get_json_object(line, '$.patient.key') as pat_key,
. . . . . . . . . . . . . . . . . .> get_json_object(line, '$.status') as status,       
. . . . . . . . . . . . . . . . . .> get_json_object(line, '$.error.message') as error_message,
. . . . . . . . . . . . . . . . . .> month,
. . . . . . . . . . . . . . . . . .> day,
. . . . . . . . . . . . . . . . . .> get_json_object(line, '$.orgId') as org_id
. . . . . . . . . . . . . . . . . .> from production_logs_persistjob_epoch where get_json_object(line, '$.level') != "INFO" and get_json_object(line, '$.className') = "PersistReducer"   
. . . . . . . . . . . . . . . . . .> and ((month=03 and day=12));
+-------+-----------+---------+----------+---------+----------------+--------+-+
| time  | username  | pat_id  | pat_key  | status  | error_message  | month  | |
+-------+-----------+---------+----------+---------+----------------+--------+-+
+-------+-----------+---------+----------+---------+----------------+--------+-+
0: jdbc:hive2://10.196.47.205:10000>          
0: jdbc:hive2://10.196.47.205:10000> insert overwrite table temp_partition_coordinator_stats partition(month, day)
. . . . . . . . . . . . . . . . . .> select
. . . . . . . . . . . . . . . . . .> get_json_object(line, '$.datestamp') time,
. . . . . . . . . . . . . . . . . .> get_json_object(line, '$.coordinator.stats.running') running,
. . . . . . . . . . . . . . . . . .> get_json_object(line, '$.coordinator.stats.toLaunch') tolaunch,
. . . . . . . . . . . . . . . . . .> cast(get_json_object(line, '$.coordinator.stats.parser.queuedCount') as int) as parserQueue,
. . . . . . . . . . . . . . . . . .> cast(get_json_object(line, '$.coordinator.stats.ocr.queuedCount') as int) as ocrQueue,
. . . . . . . . . . . . . . . . . .> cast(get_json_object(line, '$.coordinator.stats.trace.queuedCount') as int) as traceQueue,
. . . . . . . . . . . . . . . . . .> cast(get_json_object(line, '$.coordinator.stats.persist.queuedCount') as int) as persistQueue,
. . . . . . . . . . . . . . . . . .> month,
. . . . . . . . . . . . . . . . . .> day
. . . . . . . . . . . . . . . . . .> from production_logs_coordinator_epoch
. . . . . . . . . . . . . . . . . .> where get_json_object(line, '$.coordinator.stats.parser.queuedCount') is not null 
. . . . . . . . . . . . . . . . . .> and ((month=03 and day=12));
+-------+----------+-----------+--------------+-----------+-------------+------+
| time  | running  | tolaunch  | parserqueue  | ocrqueue  | tracequeue  | pers |
+-------+----------+-----------+--------------+-----------+-------------+------+
+-------+----------+-----------+--------------+-----------+-------------+------+
0: jdbc:hive2://10.196.47.205:10000> 
0: jdbc:hive2://10.196.47.205:10000> 